<?xml version="1.0" encoding="UTF-8"?>
<testng-results ignored="0" total="18" passed="18" failed="0" skipped="0">
  <reporter-output>
  </reporter-output>
  <suite started-at="2021-06-29T03:10:06Z" name="Suite" finished-at="2021-06-29T03:13:28Z" duration-ms="202230">
    <groups>
      <group name="regression">
        <method signature="ForEnterpriseTest.verifyFormForEmptyData(java.lang.String, java.lang.String, java.lang.String, java.lang.String, java.lang.String, java.lang.String, java.lang.String, java.lang.String, java.lang.String, java.lang.String, java.lang.String)[pri:2, instance:com.courses.tests.ForEnterpriseTest@c4ed84]" name="verifyFormForEmptyData" class="com.courses.tests.ForEnterpriseTest"/>
        <method signature="ForEnterpriseTest.verifyFormForInvalidData(java.lang.String, java.lang.String, java.lang.String, java.lang.String, java.lang.String, java.lang.String, java.lang.String, java.lang.String, java.lang.String, java.lang.String, java.lang.String, java.lang.String)[pri:1, instance:com.courses.tests.ForEnterpriseTest@c4ed84]" name="verifyFormForInvalidData" class="com.courses.tests.ForEnterpriseTest"/>
        <method signature="ForEnterpriseTest.verifyFormForValidData(java.lang.String, java.lang.String, java.lang.String, java.lang.String, java.lang.String, java.lang.String, java.lang.String, java.lang.String, java.lang.String, java.lang.String, java.lang.String, java.lang.String)[pri:0, instance:com.courses.tests.ForEnterpriseTest@c4ed84]" name="verifyFormForValidData" class="com.courses.tests.ForEnterpriseTest"/>
        <method signature="LanguageLearningTest.verifySearchFunctionality(java.lang.String, java.lang.String)[pri:0, instance:com.courses.tests.LanguageLearningTest@5f9678e1]" name="verifySearchFunctionality" class="com.courses.tests.LanguageLearningTest"/>
        <method signature="LanguageLearningTest.verifyLanguageLearningPageTitle(java.lang.String, java.lang.String)[pri:0, instance:com.courses.tests.LanguageLearningTest@5f9678e1]" name="verifyLanguageLearningPageTitle" class="com.courses.tests.LanguageLearningTest"/>
        <method signature="LanguageLearningTest.getLanguageCoursesCount()[pri:0, instance:com.courses.tests.LanguageLearningTest@5f9678e1]" name="getLanguageCoursesCount" class="com.courses.tests.LanguageLearningTest"/>
        <method signature="LanguageLearningTest.getLevelsCoursesCount()[pri:0, instance:com.courses.tests.LanguageLearningTest@5f9678e1]" name="getLevelsCoursesCount" class="com.courses.tests.LanguageLearningTest"/>
        <method signature="SearchCoursesTest.verifyCourseraPageTitleTest(java.lang.String, java.lang.String, java.lang.String, java.lang.String, java.lang.String)[pri:0, instance:com.courses.tests.SearchCoursesTest@373ebf74]" name="verifyCourseraPageTitleTest" class="com.courses.tests.SearchCoursesTest"/>
        <method signature="SearchCoursesTest.verifySearchTest(java.lang.String, java.lang.String, java.lang.String, java.lang.String, java.lang.String)[pri:0, instance:com.courses.tests.SearchCoursesTest@373ebf74]" name="verifySearchTest" class="com.courses.tests.SearchCoursesTest"/>
        <method signature="SearchCoursesTest.verifyWebDevelopmentPageTitle(java.lang.String, java.lang.String, java.lang.String, java.lang.String, java.lang.String)[pri:0, instance:com.courses.tests.SearchCoursesTest@373ebf74]" name="verifyWebDevelopmentPageTitle" class="com.courses.tests.SearchCoursesTest"/>
        <method signature="SearchCoursesTest.filtercoursesByLang(java.lang.String, java.lang.String, java.lang.String, java.lang.String, java.lang.String)[pri:0, instance:com.courses.tests.SearchCoursesTest@373ebf74]" name="filtercoursesByLang" class="com.courses.tests.SearchCoursesTest"/>
        <method signature="SearchCoursesTest.filtercoursesByLevel(java.lang.String, java.lang.String, java.lang.String, java.lang.String, java.lang.String)[pri:0, instance:com.courses.tests.SearchCoursesTest@373ebf74]" name="filtercoursesByLevel" class="com.courses.tests.SearchCoursesTest"/>
        <method signature="SearchCoursesTest.filtercourseFirst()[pri:0, instance:com.courses.tests.SearchCoursesTest@373ebf74]" name="filtercourseFirst" class="com.courses.tests.SearchCoursesTest"/>
        <method signature="SearchCoursesTest.filtercourseSecond()[pri:0, instance:com.courses.tests.SearchCoursesTest@373ebf74]" name="filtercourseSecond" class="com.courses.tests.SearchCoursesTest"/>
        <method signature="SearchCoursesTest.writeCourseDetailsExcel()[pri:0, instance:com.courses.tests.SearchCoursesTest@373ebf74]" name="writeCourseDetailsExcel" class="com.courses.tests.SearchCoursesTest"/>
      </group> <!-- regression -->
      <group name="smoke">
        <method signature="LanguageLearningTest.verifySearchFunctionality(java.lang.String, java.lang.String)[pri:0, instance:com.courses.tests.LanguageLearningTest@5f9678e1]" name="verifySearchFunctionality" class="com.courses.tests.LanguageLearningTest"/>
        <method signature="LanguageLearningTest.verifyLanguageLearningPageTitle(java.lang.String, java.lang.String)[pri:0, instance:com.courses.tests.LanguageLearningTest@5f9678e1]" name="verifyLanguageLearningPageTitle" class="com.courses.tests.LanguageLearningTest"/>
        <method signature="SearchCoursesTest.verifyCourseraPageTitleTest(java.lang.String, java.lang.String, java.lang.String, java.lang.String, java.lang.String)[pri:0, instance:com.courses.tests.SearchCoursesTest@373ebf74]" name="verifyCourseraPageTitleTest" class="com.courses.tests.SearchCoursesTest"/>
        <method signature="SearchCoursesTest.verifySearchTest(java.lang.String, java.lang.String, java.lang.String, java.lang.String, java.lang.String)[pri:0, instance:com.courses.tests.SearchCoursesTest@373ebf74]" name="verifySearchTest" class="com.courses.tests.SearchCoursesTest"/>
      </group> <!-- smoke -->
    </groups>
    <test started-at="2021-06-29T03:10:06Z" name="Test" finished-at="2021-06-29T03:13:28Z" duration-ms="202230">
      <class name="com.courses.tests.LanguageLearningTest">
        <test-method is-config="true" signature="setUp()[pri:0, instance:com.courses.tests.LanguageLearningTest@5f9678e1]" started-at="2021-06-29T03:10:31Z" name="setUp" finished-at="2021-06-29T03:10:37Z" duration-ms="6035" status="PASS">
          <reporter-output>
          </reporter-output>
        </test-method> <!-- setUp -->
        <test-method signature="verifySearchFunctionality(java.lang.String, java.lang.String)[pri:0, instance:com.courses.tests.LanguageLearningTest@5f9678e1]" started-at="2021-06-29T03:10:37Z" name="verifySearchFunctionality" data-provider="languageLearningData" finished-at="2021-06-29T03:10:40Z" duration-ms="2912" status="PASS">
          <params>
            <param index="0">
              <value>
                <![CDATA[Language Learning]]>
              </value>
            </param>
            <param index="1">
              <value>
                <![CDATA[Top Language Learning Courses - Learn Language Learning Online | Coursera]]>
              </value>
            </param>
          </params>
          <reporter-output>
          </reporter-output>
        </test-method> <!-- verifySearchFunctionality -->
        <test-method signature="verifyLanguageLearningPageTitle(java.lang.String, java.lang.String)[pri:0, instance:com.courses.tests.LanguageLearningTest@5f9678e1]" started-at="2021-06-29T03:10:40Z" name="verifyLanguageLearningPageTitle" data-provider="languageLearningData" finished-at="2021-06-29T03:10:41Z" depends-on-methods="com.courses.tests.LanguageLearningTest.verifySearchFunctionality" duration-ms="473" status="PASS">
          <params>
            <param index="0">
              <value>
                <![CDATA[Language Learning]]>
              </value>
            </param>
            <param index="1">
              <value>
                <![CDATA[Top Language Learning Courses - Learn Language Learning Online | Coursera]]>
              </value>
            </param>
          </params>
          <reporter-output>
          </reporter-output>
        </test-method> <!-- verifyLanguageLearningPageTitle -->
        <test-method signature="getLanguageCoursesCount()[pri:0, instance:com.courses.tests.LanguageLearningTest@5f9678e1]" started-at="2021-06-29T03:10:41Z" name="getLanguageCoursesCount" finished-at="2021-06-29T03:10:48Z" depends-on-methods="com.courses.tests.LanguageLearningTest.verifyLanguageLearningPageTitle" duration-ms="7340" status="PASS">
          <reporter-output>
          </reporter-output>
        </test-method> <!-- getLanguageCoursesCount -->
        <test-method signature="getLevelsCoursesCount()[pri:0, instance:com.courses.tests.LanguageLearningTest@5f9678e1]" started-at="2021-06-29T03:10:48Z" name="getLevelsCoursesCount" finished-at="2021-06-29T03:10:49Z" depends-on-methods="com.courses.tests.LanguageLearningTest.getLanguageCoursesCount" duration-ms="448" status="PASS">
          <reporter-output>
          </reporter-output>
        </test-method> <!-- getLevelsCoursesCount -->
        <test-method is-config="true" signature="afterTest()[pri:0, instance:com.courses.tests.LanguageLearningTest@5f9678e1]" started-at="2021-06-29T03:10:49Z" name="afterTest" finished-at="2021-06-29T03:10:49Z" duration-ms="771" status="PASS">
          <reporter-output>
          </reporter-output>
        </test-method> <!-- afterTest -->
        <test-method is-config="true" signature="endReport()[pri:0, instance:com.courses.tests.LanguageLearningTest@5f9678e1]" started-at="2021-06-29T03:13:28Z" name="endReport" finished-at="2021-06-29T03:13:28Z" duration-ms="118" status="PASS">
          <reporter-output>
          </reporter-output>
        </test-method> <!-- endReport -->
      </class> <!-- com.courses.tests.LanguageLearningTest -->
      <class name="com.courses.tests.ForEnterpriseTest">
        <test-method is-config="true" signature="setUp()[pri:0, instance:com.courses.tests.ForEnterpriseTest@c4ed84]" started-at="2021-06-29T03:10:50Z" name="setUp" finished-at="2021-06-29T03:10:56Z" duration-ms="6841" status="PASS">
          <reporter-output>
          </reporter-output>
        </test-method> <!-- setUp -->
        <test-method signature="verifyFormForValidData(java.lang.String, java.lang.String, java.lang.String, java.lang.String, java.lang.String, java.lang.String, java.lang.String, java.lang.String, java.lang.String, java.lang.String, java.lang.String, java.lang.String)[pri:0, instance:com.courses.tests.ForEnterpriseTest@c4ed84]" started-at="2021-06-29T03:10:56Z" name="verifyFormForValidData" data-provider="formValidData" finished-at="2021-06-29T03:11:17Z" duration-ms="20539" status="PASS">
          <params>
            <param index="0">
              <value>
                <![CDATA[John]]>
              </value>
            </param>
            <param index="1">
              <value>
                <![CDATA[Doe]]>
              </value>
            </param>
            <param index="2">
              <value>
                <![CDATA[Dean]]>
              </value>
            </param>
            <param index="3">
              <value>
                <![CDATA[Dean]]>
              </value>
            </param>
            <param index="4">
              <value>
                <![CDATA[john@abc.com]]>
              </value>
            </param>
            <param index="5">
              <value>
                <![CDATA[503-555-1212]]>
              </value>
            </param>
            <param index="6">
              <value>
                <![CDATA[xyz]]>
              </value>
            </param>
            <param index="7">
              <value>
                <![CDATA[Government]]>
              </value>
            </param>
            <param index="8">
              <value>
                <![CDATA[Computer Science]]>
              </value>
            </param>
            <param index="9">
              <value>
                <![CDATA[India]]>
              </value>
            </param>
            <param index="10">
              <value>
                <![CDATA[Goa]]>
              </value>
            </param>
            <param index="11">
              <value>
                <![CDATA[example]]>
              </value>
            </param>
          </params>
          <reporter-output>
          </reporter-output>
        </test-method> <!-- verifyFormForValidData -->
        <test-method is-config="true" signature="afterTest()[pri:0, instance:com.courses.tests.ForEnterpriseTest@c4ed84]" started-at="2021-06-29T03:11:17Z" name="afterTest" finished-at="2021-06-29T03:11:18Z" duration-ms="812" status="PASS">
          <reporter-output>
          </reporter-output>
        </test-method> <!-- afterTest -->
        <test-method is-config="true" signature="setUp()[pri:0, instance:com.courses.tests.ForEnterpriseTest@c4ed84]" started-at="2021-06-29T03:11:18Z" name="setUp" finished-at="2021-06-29T03:11:25Z" duration-ms="6953" status="PASS">
          <reporter-output>
          </reporter-output>
        </test-method> <!-- setUp -->
        <test-method signature="verifyFormForValidData(java.lang.String, java.lang.String, java.lang.String, java.lang.String, java.lang.String, java.lang.String, java.lang.String, java.lang.String, java.lang.String, java.lang.String, java.lang.String, java.lang.String)[pri:0, instance:com.courses.tests.ForEnterpriseTest@c4ed84]" started-at="2021-06-29T03:11:25Z" name="verifyFormForValidData" data-provider="formValidData" finished-at="2021-06-29T03:11:44Z" duration-ms="19674" status="PASS">
          <params>
            <param index="0">
              <value>
                <![CDATA[Peter]]>
              </value>
            </param>
            <param index="1">
              <value>
                <![CDATA[Doey]]>
              </value>
            </param>
            <param index="2">
              <value>
                <![CDATA[Dean]]>
              </value>
            </param>
            <param index="3">
              <value>
                <![CDATA[Dean]]>
              </value>
            </param>
            <param index="4">
              <value>
                <![CDATA[peter@abc.com]]>
              </value>
            </param>
            <param index="5">
              <value>
                <![CDATA[503-555-1212]]>
              </value>
            </param>
            <param index="6">
              <value>
                <![CDATA[xyz]]>
              </value>
            </param>
            <param index="7">
              <value>
                <![CDATA[Government]]>
              </value>
            </param>
            <param index="8">
              <value>
                <![CDATA[Computer Science]]>
              </value>
            </param>
            <param index="9">
              <value>
                <![CDATA[India]]>
              </value>
            </param>
            <param index="10">
              <value>
                <![CDATA[Goa]]>
              </value>
            </param>
            <param index="11">
              <value>
                <![CDATA[example]]>
              </value>
            </param>
          </params>
          <reporter-output>
          </reporter-output>
        </test-method> <!-- verifyFormForValidData -->
        <test-method is-config="true" signature="afterTest()[pri:0, instance:com.courses.tests.ForEnterpriseTest@c4ed84]" started-at="2021-06-29T03:11:44Z" name="afterTest" finished-at="2021-06-29T03:11:45Z" duration-ms="835" status="PASS">
          <reporter-output>
          </reporter-output>
        </test-method> <!-- afterTest -->
        <test-method is-config="true" signature="setUp()[pri:0, instance:com.courses.tests.ForEnterpriseTest@c4ed84]" started-at="2021-06-29T03:11:45Z" name="setUp" finished-at="2021-06-29T03:11:50Z" duration-ms="4661" status="PASS">
          <reporter-output>
          </reporter-output>
        </test-method> <!-- setUp -->
        <test-method signature="verifyFormForInvalidData(java.lang.String, java.lang.String, java.lang.String, java.lang.String, java.lang.String, java.lang.String, java.lang.String, java.lang.String, java.lang.String, java.lang.String, java.lang.String, java.lang.String)[pri:1, instance:com.courses.tests.ForEnterpriseTest@c4ed84]" started-at="2021-06-29T03:11:50Z" name="verifyFormForInvalidData" data-provider="formInvalidData" finished-at="2021-06-29T03:12:10Z" duration-ms="20521" status="PASS">
          <params>
            <param index="0">
              <value>
                <![CDATA[abc]]>
              </value>
            </param>
            <param index="1">
              <value>
                <![CDATA[def]]>
              </value>
            </param>
            <param index="2">
              <value>
                <![CDATA[Dean]]>
              </value>
            </param>
            <param index="3">
              <value>
                <![CDATA[Dean]]>
              </value>
            </param>
            <param index="4">
              <value>
                <![CDATA[abc]]>
              </value>
            </param>
            <param index="5">
              <value>
                <![CDATA[503-555-1212]]>
              </value>
            </param>
            <param index="6">
              <value>
                <![CDATA[xyz]]>
              </value>
            </param>
            <param index="7">
              <value>
                <![CDATA[Government]]>
              </value>
            </param>
            <param index="8">
              <value>
                <![CDATA[Computer Science]]>
              </value>
            </param>
            <param index="9">
              <value>
                <![CDATA[India]]>
              </value>
            </param>
            <param index="10">
              <value>
                <![CDATA[Goa]]>
              </value>
            </param>
            <param index="11">
              <value>
                <![CDATA[example]]>
              </value>
            </param>
          </params>
          <reporter-output>
          </reporter-output>
        </test-method> <!-- verifyFormForInvalidData -->
        <test-method is-config="true" signature="afterTest()[pri:0, instance:com.courses.tests.ForEnterpriseTest@c4ed84]" started-at="2021-06-29T03:12:10Z" name="afterTest" finished-at="2021-06-29T03:12:11Z" duration-ms="858" status="PASS">
          <reporter-output>
          </reporter-output>
        </test-method> <!-- afterTest -->
        <test-method is-config="true" signature="setUp()[pri:0, instance:com.courses.tests.ForEnterpriseTest@c4ed84]" started-at="2021-06-29T03:12:11Z" name="setUp" finished-at="2021-06-29T03:12:15Z" duration-ms="4241" status="PASS">
          <reporter-output>
          </reporter-output>
        </test-method> <!-- setUp -->
        <test-method signature="verifyFormForInvalidData(java.lang.String, java.lang.String, java.lang.String, java.lang.String, java.lang.String, java.lang.String, java.lang.String, java.lang.String, java.lang.String, java.lang.String, java.lang.String, java.lang.String)[pri:1, instance:com.courses.tests.ForEnterpriseTest@c4ed84]" started-at="2021-06-29T03:12:15Z" name="verifyFormForInvalidData" data-provider="formInvalidData" finished-at="2021-06-29T03:12:35Z" duration-ms="19117" status="PASS">
          <params>
            <param index="0">
              <value>
                <![CDATA[abc]]>
              </value>
            </param>
            <param index="1">
              <value>
                <![CDATA[def]]>
              </value>
            </param>
            <param index="2">
              <value>
                <![CDATA[Dean]]>
              </value>
            </param>
            <param index="3">
              <value>
                <![CDATA[Dean]]>
              </value>
            </param>
            <param index="4">
              <value>
                <![CDATA[xyz]]>
              </value>
            </param>
            <param index="5">
              <value>
                <![CDATA[503-555-1212]]>
              </value>
            </param>
            <param index="6">
              <value>
                <![CDATA[xyz]]>
              </value>
            </param>
            <param index="7">
              <value>
                <![CDATA[Government]]>
              </value>
            </param>
            <param index="8">
              <value>
                <![CDATA[Computer Science]]>
              </value>
            </param>
            <param index="9">
              <value>
                <![CDATA[India]]>
              </value>
            </param>
            <param index="10">
              <value>
                <![CDATA[Goa]]>
              </value>
            </param>
            <param index="11">
              <value>
                <![CDATA[example]]>
              </value>
            </param>
          </params>
          <reporter-output>
          </reporter-output>
        </test-method> <!-- verifyFormForInvalidData -->
        <test-method is-config="true" signature="afterTest()[pri:0, instance:com.courses.tests.ForEnterpriseTest@c4ed84]" started-at="2021-06-29T03:12:35Z" name="afterTest" finished-at="2021-06-29T03:12:35Z" duration-ms="768" status="PASS">
          <reporter-output>
          </reporter-output>
        </test-method> <!-- afterTest -->
        <test-method is-config="true" signature="setUp()[pri:0, instance:com.courses.tests.ForEnterpriseTest@c4ed84]" started-at="2021-06-29T03:12:35Z" name="setUp" finished-at="2021-06-29T03:12:40Z" duration-ms="4885" status="PASS">
          <reporter-output>
          </reporter-output>
        </test-method> <!-- setUp -->
        <test-method signature="verifyFormForEmptyData(java.lang.String, java.lang.String, java.lang.String, java.lang.String, java.lang.String, java.lang.String, java.lang.String, java.lang.String, java.lang.String, java.lang.String, java.lang.String)[pri:2, instance:com.courses.tests.ForEnterpriseTest@c4ed84]" started-at="2021-06-29T03:12:40Z" name="verifyFormForEmptyData" data-provider="formEmptyData" finished-at="2021-06-29T03:13:00Z" duration-ms="19495" status="PASS">
          <params>
            <param index="0">
              <value>
                <![CDATA[John]]>
              </value>
            </param>
            <param index="1">
              <value>
                <![CDATA[Doe]]>
              </value>
            </param>
            <param index="2">
              <value>
                <![CDATA[Dean]]>
              </value>
            </param>
            <param index="3">
              <value>
                <![CDATA[Dean]]>
              </value>
            </param>
            <param index="4">
              <value>
                <![CDATA[john@gmail.com]]>
              </value>
            </param>
            <param index="5">
              <value>
                <![CDATA[xyz]]>
              </value>
            </param>
            <param index="6">
              <value>
                <![CDATA[Government]]>
              </value>
            </param>
            <param index="7">
              <value>
                <![CDATA[Computer Science]]>
              </value>
            </param>
            <param index="8">
              <value>
                <![CDATA[India]]>
              </value>
            </param>
            <param index="9">
              <value>
                <![CDATA[Goa]]>
              </value>
            </param>
            <param index="10">
              <value>
                <![CDATA[example]]>
              </value>
            </param>
          </params>
          <reporter-output>
          </reporter-output>
        </test-method> <!-- verifyFormForEmptyData -->
        <test-method is-config="true" signature="afterTest()[pri:0, instance:com.courses.tests.ForEnterpriseTest@c4ed84]" started-at="2021-06-29T03:13:00Z" name="afterTest" finished-at="2021-06-29T03:13:01Z" duration-ms="771" status="PASS">
          <reporter-output>
          </reporter-output>
        </test-method> <!-- afterTest -->
        <test-method is-config="true" signature="setUp()[pri:0, instance:com.courses.tests.ForEnterpriseTest@c4ed84]" started-at="2021-06-29T03:13:01Z" name="setUp" finished-at="2021-06-29T03:13:07Z" duration-ms="6783" status="PASS">
          <reporter-output>
          </reporter-output>
        </test-method> <!-- setUp -->
        <test-method signature="verifyFormForEmptyData(java.lang.String, java.lang.String, java.lang.String, java.lang.String, java.lang.String, java.lang.String, java.lang.String, java.lang.String, java.lang.String, java.lang.String, java.lang.String)[pri:2, instance:com.courses.tests.ForEnterpriseTest@c4ed84]" started-at="2021-06-29T03:13:07Z" name="verifyFormForEmptyData" data-provider="formEmptyData" finished-at="2021-06-29T03:13:27Z" duration-ms="19884" status="PASS">
          <params>
            <param index="0">
              <value>
                <![CDATA[Peter]]>
              </value>
            </param>
            <param index="1">
              <value>
                <![CDATA[Doey]]>
              </value>
            </param>
            <param index="2">
              <value>
                <![CDATA[Dean]]>
              </value>
            </param>
            <param index="3">
              <value>
                <![CDATA[Dean]]>
              </value>
            </param>
            <param index="4">
              <value>
                <![CDATA[peter@abc.com]]>
              </value>
            </param>
            <param index="5">
              <value>
                <![CDATA[xyz]]>
              </value>
            </param>
            <param index="6">
              <value>
                <![CDATA[Government]]>
              </value>
            </param>
            <param index="7">
              <value>
                <![CDATA[Computer Science]]>
              </value>
            </param>
            <param index="8">
              <value>
                <![CDATA[India]]>
              </value>
            </param>
            <param index="9">
              <value>
                <![CDATA[Goa]]>
              </value>
            </param>
            <param index="10">
              <value>
                <![CDATA[example]]>
              </value>
            </param>
          </params>
          <reporter-output>
          </reporter-output>
        </test-method> <!-- verifyFormForEmptyData -->
        <test-method is-config="true" signature="afterTest()[pri:0, instance:com.courses.tests.ForEnterpriseTest@c4ed84]" started-at="2021-06-29T03:13:27Z" name="afterTest" finished-at="2021-06-29T03:13:28Z" duration-ms="858" status="PASS">
          <reporter-output>
          </reporter-output>
        </test-method> <!-- afterTest -->
        <test-method is-config="true" signature="afterReport()[pri:0, instance:com.courses.tests.ForEnterpriseTest@c4ed84]" started-at="2021-06-29T03:13:28Z" name="afterReport" finished-at="2021-06-29T03:13:28Z" duration-ms="107" status="PASS">
          <reporter-output>
          </reporter-output>
        </test-method> <!-- afterReport -->
      </class> <!-- com.courses.tests.ForEnterpriseTest -->
      <class name="com.courses.tests.SearchCoursesTest">
        <test-method is-config="true" signature="setUp()[pri:0, instance:com.courses.tests.SearchCoursesTest@373ebf74]" started-at="2021-06-29T03:10:06Z" name="setUp" finished-at="2021-06-29T03:10:12Z" duration-ms="5469" status="PASS">
          <reporter-output>
          </reporter-output>
        </test-method> <!-- setUp -->
        <test-method signature="verifyCourseraPageTitleTest(java.lang.String, java.lang.String, java.lang.String, java.lang.String, java.lang.String)[pri:0, instance:com.courses.tests.SearchCoursesTest@373ebf74]" started-at="2021-06-29T03:10:13Z" name="verifyCourseraPageTitleTest" data-provider="courseData" finished-at="2021-06-29T03:10:13Z" duration-ms="70" status="PASS">
          <params>
            <param index="0">
              <value>
                <![CDATA[Coursera | Online Courses & Credentials From Top Educators. Join for Free]]>
              </value>
            </param>
            <param index="1">
              <value>
                <![CDATA[Web Development]]>
              </value>
            </param>
            <param index="2">
              <value>
                <![CDATA[English]]>
              </value>
            </param>
            <param index="3">
              <value>
                <![CDATA[Beginner]]>
              </value>
            </param>
            <param index="4">
              <value>
                <![CDATA[Top Web Development Courses - Learn Web Development Online | Coursera]]>
              </value>
            </param>
          </params>
          <reporter-output>
          </reporter-output>
        </test-method> <!-- verifyCourseraPageTitleTest -->
        <test-method signature="verifySearchTest(java.lang.String, java.lang.String, java.lang.String, java.lang.String, java.lang.String)[pri:0, instance:com.courses.tests.SearchCoursesTest@373ebf74]" started-at="2021-06-29T03:10:13Z" name="verifySearchTest" data-provider="courseData" finished-at="2021-06-29T03:10:16Z" depends-on-methods="com.courses.tests.SearchCoursesTest.verifyCourseraPageTitleTest" duration-ms="3363" status="PASS">
          <params>
            <param index="0">
              <value>
                <![CDATA[Coursera | Online Courses & Credentials From Top Educators. Join for Free]]>
              </value>
            </param>
            <param index="1">
              <value>
                <![CDATA[Web Development]]>
              </value>
            </param>
            <param index="2">
              <value>
                <![CDATA[English]]>
              </value>
            </param>
            <param index="3">
              <value>
                <![CDATA[Beginner]]>
              </value>
            </param>
            <param index="4">
              <value>
                <![CDATA[Top Web Development Courses - Learn Web Development Online | Coursera]]>
              </value>
            </param>
          </params>
          <reporter-output>
          </reporter-output>
        </test-method> <!-- verifySearchTest -->
        <test-method signature="verifyWebDevelopmentPageTitle(java.lang.String, java.lang.String, java.lang.String, java.lang.String, java.lang.String)[pri:0, instance:com.courses.tests.SearchCoursesTest@373ebf74]" started-at="2021-06-29T03:10:17Z" name="verifyWebDevelopmentPageTitle" data-provider="courseData" finished-at="2021-06-29T03:10:18Z" depends-on-methods="com.courses.tests.SearchCoursesTest.verifySearchTest" duration-ms="1009" status="PASS">
          <params>
            <param index="0">
              <value>
                <![CDATA[Coursera | Online Courses & Credentials From Top Educators. Join for Free]]>
              </value>
            </param>
            <param index="1">
              <value>
                <![CDATA[Web Development]]>
              </value>
            </param>
            <param index="2">
              <value>
                <![CDATA[English]]>
              </value>
            </param>
            <param index="3">
              <value>
                <![CDATA[Beginner]]>
              </value>
            </param>
            <param index="4">
              <value>
                <![CDATA[Top Web Development Courses - Learn Web Development Online | Coursera]]>
              </value>
            </param>
          </params>
          <reporter-output>
          </reporter-output>
        </test-method> <!-- verifyWebDevelopmentPageTitle -->
        <test-method signature="filtercoursesByLang(java.lang.String, java.lang.String, java.lang.String, java.lang.String, java.lang.String)[pri:0, instance:com.courses.tests.SearchCoursesTest@373ebf74]" started-at="2021-06-29T03:10:18Z" name="filtercoursesByLang" data-provider="courseData" finished-at="2021-06-29T03:10:22Z" depends-on-methods="com.courses.tests.SearchCoursesTest.verifyWebDevelopmentPageTitle" duration-ms="3973" status="PASS">
          <params>
            <param index="0">
              <value>
                <![CDATA[Coursera | Online Courses & Credentials From Top Educators. Join for Free]]>
              </value>
            </param>
            <param index="1">
              <value>
                <![CDATA[Web Development]]>
              </value>
            </param>
            <param index="2">
              <value>
                <![CDATA[English]]>
              </value>
            </param>
            <param index="3">
              <value>
                <![CDATA[Beginner]]>
              </value>
            </param>
            <param index="4">
              <value>
                <![CDATA[Top Web Development Courses - Learn Web Development Online | Coursera]]>
              </value>
            </param>
          </params>
          <reporter-output>
          </reporter-output>
        </test-method> <!-- filtercoursesByLang -->
        <test-method signature="filtercoursesByLevel(java.lang.String, java.lang.String, java.lang.String, java.lang.String, java.lang.String)[pri:0, instance:com.courses.tests.SearchCoursesTest@373ebf74]" started-at="2021-06-29T03:10:22Z" name="filtercoursesByLevel" data-provider="courseData" finished-at="2021-06-29T03:10:22Z" depends-on-methods="com.courses.tests.SearchCoursesTest.filtercoursesByLang" duration-ms="819" status="PASS">
          <params>
            <param index="0">
              <value>
                <![CDATA[Coursera | Online Courses & Credentials From Top Educators. Join for Free]]>
              </value>
            </param>
            <param index="1">
              <value>
                <![CDATA[Web Development]]>
              </value>
            </param>
            <param index="2">
              <value>
                <![CDATA[English]]>
              </value>
            </param>
            <param index="3">
              <value>
                <![CDATA[Beginner]]>
              </value>
            </param>
            <param index="4">
              <value>
                <![CDATA[Top Web Development Courses - Learn Web Development Online | Coursera]]>
              </value>
            </param>
          </params>
          <reporter-output>
          </reporter-output>
        </test-method> <!-- filtercoursesByLevel -->
        <test-method signature="filtercourseFirst()[pri:0, instance:com.courses.tests.SearchCoursesTest@373ebf74]" started-at="2021-06-29T03:10:22Z" name="filtercourseFirst" finished-at="2021-06-29T03:10:28Z" depends-on-methods="com.courses.tests.SearchCoursesTest.filtercoursesByLevel" duration-ms="5230" status="PASS">
          <reporter-output>
          </reporter-output>
        </test-method> <!-- filtercourseFirst -->
        <test-method signature="filtercourseSecond()[pri:0, instance:com.courses.tests.SearchCoursesTest@373ebf74]" started-at="2021-06-29T03:10:28Z" name="filtercourseSecond" finished-at="2021-06-29T03:10:29Z" depends-on-methods="com.courses.tests.SearchCoursesTest.filtercourseFirst" duration-ms="1651" status="PASS">
          <reporter-output>
          </reporter-output>
        </test-method> <!-- filtercourseSecond -->
        <test-method signature="writeCourseDetailsExcel()[pri:0, instance:com.courses.tests.SearchCoursesTest@373ebf74]" started-at="2021-06-29T03:10:29Z" name="writeCourseDetailsExcel" finished-at="2021-06-29T03:10:30Z" depends-on-methods="com.courses.tests.SearchCoursesTest.filtercourseSecond" duration-ms="628" status="PASS">
          <reporter-output>
          </reporter-output>
        </test-method> <!-- writeCourseDetailsExcel -->
        <test-method is-config="true" signature="afterTest()[pri:0, instance:com.courses.tests.SearchCoursesTest@373ebf74]" started-at="2021-06-29T03:10:30Z" name="afterTest" finished-at="2021-06-29T03:10:31Z" duration-ms="1330" status="PASS">
          <reporter-output>
          </reporter-output>
        </test-method> <!-- afterTest -->
      </class> <!-- com.courses.tests.SearchCoursesTest -->
    </test> <!-- Test -->
  </suite> <!-- Suite -->
</testng-results>
