<?xml version="1.0" encoding="UTF-8"?>
<!-- Generated by org.testng.reporters.JUnitXMLReporter -->
<testsuite ignored="0" hostname="LAPTOP-5H259967" failures="0" tests="6" name="Default test" time="146.828" errors="0" timestamp="25 Jun 2021 16:53:35 GMT">
  <testcase classname="com.courses.tests.ForEnterpriseTest" name="verifyFormForValidData" time="20.318"/>
  <testcase classname="com.courses.tests.ForEnterpriseTest" name="verifyFormForValidData" time="20.018"/>
  <testcase classname="com.courses.tests.ForEnterpriseTest" name="verifyFormForInvalidData" time="18.484"/>
  <testcase classname="com.courses.tests.ForEnterpriseTest" name="verifyFormForInvalidData" time="19.604"/>
  <testcase classname="com.courses.tests.ForEnterpriseTest" name="verifyFormForEmptyData" time="18.857"/>
  <testcase classname="com.courses.tests.ForEnterpriseTest" name="verifyFormForEmptyData" time="20.3"/>
</testsuite> <!-- Default test -->
