<?xml version="1.0" encoding="UTF-8"?>
<!-- Generated by org.testng.reporters.JUnitXMLReporter -->
<testsuite ignored="0" hostname="AYUSH" failures="0" tests="18" name="Test" time="202.23" errors="0" timestamp="29 Jun 2021 03:13:28 GMT">
  <testcase classname="com.courses.tests.SearchCoursesTest" name="verifyCourseraPageTitleTest" time="0.07"/>
  <testcase classname="com.courses.tests.SearchCoursesTest" name="verifySearchTest" time="3.363"/>
  <testcase classname="com.courses.tests.SearchCoursesTest" name="verifyWebDevelopmentPageTitle" time="1.009"/>
  <testcase classname="com.courses.tests.SearchCoursesTest" name="filtercoursesByLang" time="3.973"/>
  <testcase classname="com.courses.tests.SearchCoursesTest" name="filtercoursesByLevel" time="0.819"/>
  <testcase classname="com.courses.tests.SearchCoursesTest" name="filtercourseFirst" time="5.23"/>
  <testcase classname="com.courses.tests.SearchCoursesTest" name="filtercourseSecond" time="1.651"/>
  <testcase classname="com.courses.tests.SearchCoursesTest" name="writeCourseDetailsExcel" time="0.628"/>
  <testcase classname="com.courses.tests.LanguageLearningTest" name="verifySearchFunctionality" time="2.912"/>
  <testcase classname="com.courses.tests.LanguageLearningTest" name="verifyLanguageLearningPageTitle" time="0.473"/>
  <testcase classname="com.courses.tests.LanguageLearningTest" name="getLanguageCoursesCount" time="7.34"/>
  <testcase classname="com.courses.tests.LanguageLearningTest" name="getLevelsCoursesCount" time="0.448"/>
  <testcase classname="com.courses.tests.ForEnterpriseTest" name="verifyFormForValidData" time="20.539"/>
  <testcase classname="com.courses.tests.ForEnterpriseTest" name="verifyFormForValidData" time="19.674"/>
  <testcase classname="com.courses.tests.ForEnterpriseTest" name="verifyFormForInvalidData" time="20.521"/>
  <testcase classname="com.courses.tests.ForEnterpriseTest" name="verifyFormForInvalidData" time="19.117"/>
  <testcase classname="com.courses.tests.ForEnterpriseTest" name="verifyFormForEmptyData" time="19.495"/>
  <testcase classname="com.courses.tests.ForEnterpriseTest" name="verifyFormForEmptyData" time="19.884"/>
</testsuite> <!-- Test -->
